# JRE version: OpenJDK Runtime Environment (8.0_242-b01) (build 1.8.0_242-release-1644-b01)
# Java VM: OpenJDK 64-Bit Server VM (25.242-b01 mixed mode windows-amd64 compressed oops)
Heap:
 PSYoungGen      total 538112K, used 11166K [0x00000000d5580000, 0x00000000ff900000, 0x0000000100000000)
  eden space 388608K, 1% used [0x00000000d5580000,0x00000000d5b87880,0x00000000ed100000)
  from space 149504K, 3% used [0x00000000f6700000,0x00000000f6be0000,0x00000000ff900000)
  to   space 151552K, 0% used [0x00000000ed100000,0x00000000ed100000,0x00000000f6500000)
 ParOldGen       total 424960K, used 128371K [0x0000000080000000, 0x0000000099f00000, 0x00000000d5580000)
  object space 424960K, 30% used [0x0000000080000000,0x0000000087d5ccc0,0x0000000099f00000)
 Metaspace       used 115963K, capacity 125284K, committed 125720K, reserved 1159168K
  class space    used 14940K, capacity 16512K, committed 16688K, reserved 1048576K
GC Heap History (10 events):
Event: 5224.234 GC heap after
Heap after GC invocations=56 (full 4):
 PSYoungGen      total 538112K, used 17404K [0x00000000d5580000, 0x0000000100000000, 0x0000000100000000)
  eden space 378368K, 0% used [0x00000000d5580000,0x00000000d5580000,0x00000000ec700000)
  from space 159744K, 10% used [0x00000000f6400000,0x00000000f74ff068,0x0000000100000000)
  to   space 160256K, 0% used [0x00000000ec700000,0x00000000ec700000,0x00000000f6380000)
 ParOldGen       total 342016K, used 298941K [0x0000000080000000, 0x0000000094e00000, 0x00000000d5580000)
  object space 342016K, 87% used [0x0000000080000000,0x00000000923ef5e8,0x0000000094e00000)
 Metaspace       used 116028K, capacity 125456K, committed 125592K, reserved 1159168K
  class space    used 14969K, capacity 16560K, committed 16560K, reserved 1048576K
}
Event: 5224.456 GC heap before
{Heap before GC invocations=57 (full 4):
 PSYoungGen      total 538112K, used 395772K [0x00000000d5580000, 0x0000000100000000, 0x0000000100000000)
  eden space 378368K, 100% used [0x00000000d5580000,0x00000000ec700000,0x00000000ec700000)
  from space 159744K, 10% used [0x00000000f6400000,0x00000000f74ff068,0x0000000100000000)
  to   space 160256K, 0% used [0x00000000ec700000,0x00000000ec700000,0x00000000f6380000)
 ParOldGen       total 342016K, used 298941K [0x0000000080000000, 0x0000000094e00000, 0x00000000d5580000)
  object space 342016K, 87% used [0x0000000080000000,0x00000000923ef5e8,0x0000000094e00000)
 Metaspace       used 116048K, capacity 125468K, committed 125720K, reserved 1159168K
  class space    used 14970K, capacity 16562K, committed 16688K, reserved 1048576K
Event: 5224.472 GC heap after
Heap after GC invocations=57 (full 4):
 PSYoungGen      total 538624K, used 14142K [0x00000000d5580000, 0x00000000fff80000, 0x0000000100000000)
  eden space 378368K, 0% used [0x00000000d5580000,0x00000000d5580000,0x00000000ec700000)
  from space 160256K, 8% used [0x00000000ec700000,0x00000000ed4cf950,0x00000000f6380000)
  to   space 159744K, 0% used [0x00000000f6380000,0x00000000f6380000,0x00000000fff80000)
 ParOldGen       total 342016K, used 301497K [0x0000000080000000, 0x0000000094e00000, 0x00000000d5580000)
  object space 342016K, 88% used [0x0000000080000000,0x000000009266e628,0x0000000094e00000)
 Metaspace       used 116048K, capacity 125468K, committed 125720K, reserved 1159168K
  class space    used 14970K, capacity 16562K, committed 16688K, reserved 1048576K
}
Event: 5224.700 GC heap before
{Heap before GC invocations=58 (full 4):
 PSYoungGen      total 538624K, used 392510K [0x00000000d5580000, 0x00000000fff80000, 0x0000000100000000)
  eden space 378368K, 100% used [0x00000000d5580000,0x00000000ec700000,0x00000000ec700000)
  from space 160256K, 8% used [0x00000000ec700000,0x00000000ed4cf950,0x00000000f6380000)
  to   space 159744K, 0% used [0x00000000f6380000,0x00000000f6380000,0x00000000fff80000)
 ParOldGen       total 342016K, used 301497K [0x0000000080000000, 0x0000000094e00000, 0x00000000d5580000)
  object space 342016K, 88% used [0x0000000080000000,0x000000009266e628,0x0000000094e00000)
 Metaspace       used 116076K, capacity 125478K, committed 125720K, reserved 1159168K
  class space    used 14971K, capacity 16563K, committed 16688K, reserved 1048576K
Event: 5224.712 GC heap after
Heap after GC invocations=58 (full 4):
 PSYoungGen      total 532480K, used 19951K [0x00000000d5580000, 0x00000000ff980000, 0x0000000100000000)
  eden space 378880K, 0% used [0x00000000d5580000,0x00000000d5580000,0x00000000ec780000)
  from space 153600K, 12% used [0x00000000f6380000,0x00000000f76fbe70,0x00000000ff980000)
  to   space 156672K, 0% used [0x00000000ec780000,0x00000000ec780000,0x00000000f6080000)
 ParOldGen       total 342016K, used 303689K [0x0000000080000000, 0x0000000094e00000, 0x00000000d5580000)
  object space 342016K, 88% used [0x0000000080000000,0x0000000092892648,0x0000000094e00000)
 Metaspace       used 116076K, capacity 125478K, committed 125720K, reserved 1159168K
  class space    used 14971K, capacity 16563K, committed 16688K, reserved 1048576K
}
Event: 5224.984 GC heap before
{Heap before GC invocations=59 (full 4):
 PSYoungGen      total 532480K, used 398831K [0x00000000d5580000, 0x00000000ff980000, 0x0000000100000000)
  eden space 378880K, 100% used [0x00000000d5580000,0x00000000ec780000,0x00000000ec780000)
  from space 153600K, 12% used [0x00000000f6380000,0x00000000f76fbe70,0x00000000ff980000)
  to   space 156672K, 0% used [0x00000000ec780000,0x00000000ec780000,0x00000000f6080000)
 ParOldGen       total 342016K, used 303689K [0x0000000080000000, 0x0000000094e00000, 0x00000000d5580000)
  object space 342016K, 88% used [0x0000000080000000,0x0000000092892648,0x0000000094e00000)
 Metaspace       used 116086K, capacity 125548K, committed 125720K, reserved 1159168K
  class space    used 14971K, capacity 16564K, committed 16688K, reserved 1048576K
Event: 5224.997 GC heap after
Heap after GC invocations=59 (full 4):
 PSYoungGen      total 535552K, used 17917K [0x00000000d5580000, 0x00000000ffd00000, 0x0000000100000000)
  eden space 378880K, 0% used [0x00000000d5580000,0x00000000d5580000,0x00000000ec780000)
  from space 156672K, 11% used [0x00000000ec780000,0x00000000ed8ff6a8,0x00000000f6080000)
  to   space 153600K, 0% used [0x00000000f6700000,0x00000000f6700000,0x00000000ffd00000)
 ParOldGen       total 342016K, used 310017K [0x0000000080000000, 0x0000000094e00000, 0x00000000d5580000)
  object space 342016K, 90% used [0x0000000080000000,0x0000000092ec06b8,0x0000000094e00000)
 Metaspace       used 116086K, capacity 125548K, committed 125720K, reserved 1159168K
  class space    used 14971K, capacity 16564K, committed 16688K, reserved 1048576K
}
Event: 5224.997 GC heap before
{Heap before GC invocations=60 (full 5):
 PSYoungGen      total 535552K, used 17917K [0x00000000d5580000, 0x00000000ffd00000, 0x0000000100000000)
  eden space 378880K, 0% used [0x00000000d5580000,0x00000000d5580000,0x00000000ec780000)
  from space 156672K, 11% used [0x00000000ec780000,0x00000000ed8ff6a8,0x00000000f6080000)
  to   space 153600K, 0% used [0x00000000f6700000,0x00000000f6700000,0x00000000ffd00000)
 ParOldGen       total 342016K, used 310017K [0x0000000080000000, 0x0000000094e00000, 0x00000000d5580000)
  object space 342016K, 90% used [0x0000000080000000,0x0000000092ec06b8,0x0000000094e00000)
 Metaspace       used 116086K, capacity 125548K, committed 125720K, reserved 1159168K
  class space    used 14971K, capacity 16564K, committed 16688K, reserved 1048576K
Event: 5225.274 GC heap after
Heap after GC invocations=60 (full 5):
 PSYoungGen      total 535552K, used 0K [0x00000000d5580000, 0x00000000ffd00000, 0x0000000100000000)
  eden space 378880K, 0% used [0x00000000d5580000,0x00000000d5580000,0x00000000ec780000)
  from space 156672K, 0% used [0x00000000ec780000,0x00000000ec780000,0x00000000f6080000)
  to   space 153600K, 0% used [0x00000000f6700000,0x00000000f6700000,0x00000000ffd00000)
 ParOldGen       total 424960K, used 128371K [0x0000000080000000, 0x0000000099f00000, 0x00000000d5580000)
  object space 424960K, 30% used [0x0000000080000000,0x0000000087d5ccc0,0x0000000099f00000)
 Metaspace       used 115961K, capacity 125284K, committed 125720K, reserved 1159168K
  class space    used 14940K, capacity 16512K, committed 16688K, reserved 1048576K
}
Event: 5225.547 GC heap before
{Heap before GC invocations=61 (full 5):
 PSYoungGen      total 535552K, used 378880K [0x00000000d5580000, 0x00000000ffd00000, 0x0000000100000000)
  eden space 378880K, 100% used [0x00000000d5580000,0x00000000ec780000,0x00000000ec780000)
  from space 156672K, 0% used [0x00000000ec780000,0x00000000ec780000,0x00000000f6080000)
  to   space 153600K, 0% used [0x00000000f6700000,0x00000000f6700000,0x00000000ffd00000)
 ParOldGen       total 424960K, used 128371K [0x0000000080000000, 0x0000000099f00000, 0x00000000d5580000)
  object space 424960K, 30% used [0x0000000080000000,0x0000000087d5ccc0,0x0000000099f00000)
 Metaspace       used 115963K, capacity 125284K, committed 125720K, reserved 1159168K
  class space    used 14940K, capacity 16512K, committed 16688K, reserved 1048576K

